2025-03-14 20:23:10,052 - __main__ - CRITICAL - Ошибка запуска: tzinfo argument must be None or of a tzinfo subclass, not type 'str'
2025-03-14 20:26:02,264 - apscheduler.scheduler - INFO - Adding job tentatively -- it will be properly scheduled when the scheduler starts
2025-03-14 20:26:02,264 - __main__ - INFO - Horoscope Bot started
2025-03-14 20:26:02,914 - httpx - INFO - HTTP Request: POST https://api.telegram.org/bot8183361315:AAGkbHNKB4ZcuhGWQsp8KCSbzSw-r4rhbTc/getMe "HTTP/1.1 200 OK"
2025-03-14 20:26:02,992 - httpx - INFO - HTTP Request: POST https://api.telegram.org/bot8183361315:AAGkbHNKB4ZcuhGWQsp8KCSbzSw-r4rhbTc/deleteWebhook "HTTP/1.1 200 OK"
2025-03-14 20:26:02,993 - apscheduler.scheduler - INFO - Added job "daily_horoscope" to job store "default"
2025-03-14 20:26:02,993 - apscheduler.scheduler - INFO - Scheduler started
2025-03-14 20:26:02,993 - telegram.ext.Application - INFO - Application started
2025-03-14 20:26:11,212 - httpx - INFO - HTTP Request: POST https://api.telegram.org/bot8183361315:AAGkbHNKB4ZcuhGWQsp8KCSbzSw-r4rhbTc/getUpdates "HTTP/1.1 200 OK"
2025-03-14 20:26:11,456 - httpx - INFO - HTTP Request: POST https://api.telegram.org/bot8183361315:AAGkbHNKB4ZcuhGWQsp8KCSbzSw-r4rhbTc/sendMessage "HTTP/1.1 200 OK"
2025-03-14 20:26:13,311 - httpx - INFO - HTTP Request: POST https://api.telegram.org/bot8183361315:AAGkbHNKB4ZcuhGWQsp8KCSbzSw-r4rhbTc/getUpdates "HTTP/1.1 200 OK"
2025-03-14 20:26:13,382 - httpx - INFO - HTTP Request: POST https://api.telegram.org/bot8183361315:AAGkbHNKB4ZcuhGWQsp8KCSbzSw-r4rhbTc/answerCallbackQuery "HTTP/1.1 200 OK"
2025-03-14 20:26:13,446 - httpx - INFO - HTTP Request: POST https://api.telegram.org/bot8183361315:AAGkbHNKB4ZcuhGWQsp8KCSbzSw-r4rhbTc/editMessageText "HTTP/1.1 200 OK"
2025-03-14 20:26:15,153 - httpx - INFO - HTTP Request: POST https://api.telegram.org/bot8183361315:AAGkbHNKB4ZcuhGWQsp8KCSbzSw-r4rhbTc/getUpdates "HTTP/1.1 200 OK"
2025-03-14 20:26:15,222 - httpx - INFO - HTTP Request: POST https://api.telegram.org/bot8183361315:AAGkbHNKB4ZcuhGWQsp8KCSbzSw-r4rhbTc/answerCallbackQuery "HTTP/1.1 200 OK"
2025-03-14 20:26:15,307 - httpx - INFO - HTTP Request: POST https://api.telegram.org/bot8183361315:AAGkbHNKB4ZcuhGWQsp8KCSbzSw-r4rhbTc/editMessageText "HTTP/1.1 200 OK"
2025-03-14 20:26:16,672 - httpx - INFO - HTTP Request: POST https://ngw.devices.sberbank.ru:9443/api/v2/oauth "HTTP/1.1 200 OK"
2025-03-14 20:26:20,130 - httpx - INFO - HTTP Request: POST https://gigachat.devices.sberbank.ru/api/v1/chat/completions "HTTP/1.1 200 OK"
2025-03-14 20:26:20,149 - __main__ - ERROR - Ошибка генерации гороскопа: table users has no column named updated_at
2025-03-14 20:26:20,274 - httpx - INFO - HTTP Request: POST https://api.telegram.org/bot8183361315:AAGkbHNKB4ZcuhGWQsp8KCSbzSw-r4rhbTc/sendMessage "HTTP/1.1 200 OK"
2025-03-14 20:26:25,452 - httpx - INFO - HTTP Request: POST https://api.telegram.org/bot8183361315:AAGkbHNKB4ZcuhGWQsp8KCSbzSw-r4rhbTc/getUpdates "HTTP/1.1 200 OK"
2025-03-14 20:26:35,560 - httpx - INFO - HTTP Request: POST https://api.telegram.org/bot8183361315:AAGkbHNKB4ZcuhGWQsp8KCSbzSw-r4rhbTc/getUpdates "HTTP/1.1 200 OK"
2025-03-14 20:26:45,628 - httpx - INFO - HTTP Request: POST https://api.telegram.org/bot8183361315:AAGkbHNKB4ZcuhGWQsp8KCSbzSw-r4rhbTc/getUpdates "HTTP/1.1 200 OK"
2025-03-14 20:26:55,800 - httpx - INFO - HTTP Request: POST https://api.telegram.org/bot8183361315:AAGkbHNKB4ZcuhGWQsp8KCSbzSw-r4rhbTc/getUpdates "HTTP/1.1 200 OK"
2025-03-14 20:27:05,896 - httpx - INFO - HTTP Request: POST https://api.telegram.org/bot8183361315:AAGkbHNKB4ZcuhGWQsp8KCSbzSw-r4rhbTc/getUpdates "HTTP/1.1 200 OK"
2025-03-14 20:27:15,951 - httpx - INFO - HTTP Request: POST https://api.telegram.org/bot8183361315:AAGkbHNKB4ZcuhGWQsp8KCSbzSw-r4rhbTc/getUpdates "HTTP/1.1 200 OK"
2025-03-14 20:27:21,099 - httpx - INFO - HTTP Request: POST https://api.telegram.org/bot8183361315:AAGkbHNKB4ZcuhGWQsp8KCSbzSw-r4rhbTc/getUpdates "HTTP/1.1 200 OK"
2025-03-14 20:27:21,100 - telegram.ext.Application - INFO - Application is stopping. This might take a moment.
2025-03-14 20:27:21,101 - apscheduler.scheduler - INFO - Scheduler has been shut down
2025-03-14 20:27:21,112 - telegram.ext.Application - INFO - Application.stop() complete
2025-03-14 20:28:21,395 - apscheduler.scheduler - INFO - Adding job tentatively -- it will be properly scheduled when the scheduler starts
2025-03-14 20:28:21,396 - __main__ - INFO - Horoscope Bot started
2025-03-14 20:28:21,562 - httpx - INFO - HTTP Request: POST https://api.telegram.org/bot8183361315:AAGkbHNKB4ZcuhGWQsp8KCSbzSw-r4rhbTc/getMe "HTTP/1.1 200 OK"
2025-03-14 20:28:21,610 - httpx - INFO - HTTP Request: POST https://api.telegram.org/bot8183361315:AAGkbHNKB4ZcuhGWQsp8KCSbzSw-r4rhbTc/deleteWebhook "HTTP/1.1 200 OK"
2025-03-14 20:28:21,612 - apscheduler.scheduler - INFO - Added job "daily_horoscope" to job store "default"
2025-03-14 20:28:21,612 - apscheduler.scheduler - INFO - Scheduler started
2025-03-14 20:28:21,612 - telegram.ext.Application - INFO - Application started
2025-03-14 20:28:25,032 - httpx - INFO - HTTP Request: POST https://api.telegram.org/bot8183361315:AAGkbHNKB4ZcuhGWQsp8KCSbzSw-r4rhbTc/getUpdates "HTTP/1.1 200 OK"
2025-03-14 20:28:25,177 - httpx - INFO - HTTP Request: POST https://api.telegram.org/bot8183361315:AAGkbHNKB4ZcuhGWQsp8KCSbzSw-r4rhbTc/sendMessage "HTTP/1.1 200 OK"
2025-03-14 20:28:26,627 - httpx - INFO - HTTP Request: POST https://api.telegram.org/bot8183361315:AAGkbHNKB4ZcuhGWQsp8KCSbzSw-r4rhbTc/getUpdates "HTTP/1.1 200 OK"
2025-03-14 20:28:26,725 - httpx - INFO - HTTP Request: POST https://api.telegram.org/bot8183361315:AAGkbHNKB4ZcuhGWQsp8KCSbzSw-r4rhbTc/answerCallbackQuery "HTTP/1.1 200 OK"
2025-03-14 20:28:26,822 - httpx - INFO - HTTP Request: POST https://api.telegram.org/bot8183361315:AAGkbHNKB4ZcuhGWQsp8KCSbzSw-r4rhbTc/editMessageText "HTTP/1.1 200 OK"
2025-03-14 20:28:28,657 - httpx - INFO - HTTP Request: POST https://api.telegram.org/bot8183361315:AAGkbHNKB4ZcuhGWQsp8KCSbzSw-r4rhbTc/getUpdates "HTTP/1.1 200 OK"
2025-03-14 20:28:28,810 - httpx - INFO - HTTP Request: POST https://api.telegram.org/bot8183361315:AAGkbHNKB4ZcuhGWQsp8KCSbzSw-r4rhbTc/answerCallbackQuery "HTTP/1.1 200 OK"
2025-03-14 20:28:28,924 - httpx - INFO - HTTP Request: POST https://api.telegram.org/bot8183361315:AAGkbHNKB4ZcuhGWQsp8KCSbzSw-r4rhbTc/editMessageText "HTTP/1.1 200 OK"
2025-03-14 20:28:29,644 - httpx - INFO - HTTP Request: POST https://ngw.devices.sberbank.ru:9443/api/v2/oauth "HTTP/1.1 200 OK"
2025-03-14 20:28:32,819 - httpx - INFO - HTTP Request: POST https://gigachat.devices.sberbank.ru/api/v1/chat/completions "HTTP/1.1 200 OK"
2025-03-14 20:28:32,834 - __main__ - ERROR - Ошибка генерации гороскопа: table users has no column named updated_at
2025-03-14 20:28:32,944 - httpx - INFO - HTTP Request: POST https://api.telegram.org/bot8183361315:AAGkbHNKB4ZcuhGWQsp8KCSbzSw-r4rhbTc/sendMessage "HTTP/1.1 200 OK"
2025-03-14 20:28:38,752 - httpx - INFO - HTTP Request: POST https://api.telegram.org/bot8183361315:AAGkbHNKB4ZcuhGWQsp8KCSbzSw-r4rhbTc/getUpdates "HTTP/1.1 200 OK"
2025-03-14 20:28:45,136 - httpx - INFO - HTTP Request: POST https://api.telegram.org/bot8183361315:AAGkbHNKB4ZcuhGWQsp8KCSbzSw-r4rhbTc/getUpdates "HTTP/1.1 200 OK"
2025-03-14 20:28:45,137 - telegram.ext.Application - INFO - Application is stopping. This might take a moment.
2025-03-14 20:28:45,138 - apscheduler.scheduler - INFO - Scheduler has been shut down
2025-03-14 20:28:45,149 - telegram.ext.Application - INFO - Application.stop() complete
2025-03-14 20:30:33,475 - apscheduler.scheduler - INFO - Adding job tentatively -- it will be properly scheduled when the scheduler starts
2025-03-14 20:30:33,475 - __main__ - INFO - Horoscope Bot started
2025-03-14 20:30:34,311 - httpx - INFO - HTTP Request: POST https://api.telegram.org/bot8183361315:AAGkbHNKB4ZcuhGWQsp8KCSbzSw-r4rhbTc/getMe "HTTP/1.1 200 OK"
2025-03-14 20:30:34,358 - httpx - INFO - HTTP Request: POST https://api.telegram.org/bot8183361315:AAGkbHNKB4ZcuhGWQsp8KCSbzSw-r4rhbTc/deleteWebhook "HTTP/1.1 200 OK"
2025-03-14 20:30:34,360 - apscheduler.scheduler - INFO - Added job "daily_horoscope" to job store "default"
2025-03-14 20:30:34,360 - apscheduler.scheduler - INFO - Scheduler started
2025-03-14 20:30:34,360 - telegram.ext.Application - INFO - Application started
2025-03-14 20:30:38,342 - httpx - INFO - HTTP Request: POST https://api.telegram.org/bot8183361315:AAGkbHNKB4ZcuhGWQsp8KCSbzSw-r4rhbTc/getUpdates "HTTP/1.1 200 OK"
2025-03-14 20:30:38,459 - httpx - INFO - HTTP Request: POST https://api.telegram.org/bot8183361315:AAGkbHNKB4ZcuhGWQsp8KCSbzSw-r4rhbTc/sendMessage "HTTP/1.1 200 OK"
2025-03-14 20:30:39,393 - httpx - INFO - HTTP Request: POST https://api.telegram.org/bot8183361315:AAGkbHNKB4ZcuhGWQsp8KCSbzSw-r4rhbTc/getUpdates "HTTP/1.1 200 OK"
2025-03-14 20:30:39,511 - httpx - INFO - HTTP Request: POST https://api.telegram.org/bot8183361315:AAGkbHNKB4ZcuhGWQsp8KCSbzSw-r4rhbTc/answerCallbackQuery "HTTP/1.1 200 OK"
2025-03-14 20:30:39,614 - httpx - INFO - HTTP Request: POST https://api.telegram.org/bot8183361315:AAGkbHNKB4ZcuhGWQsp8KCSbzSw-r4rhbTc/editMessageText "HTTP/1.1 200 OK"
2025-03-14 20:30:41,153 - httpx - INFO - HTTP Request: POST https://api.telegram.org/bot8183361315:AAGkbHNKB4ZcuhGWQsp8KCSbzSw-r4rhbTc/getUpdates "HTTP/1.1 200 OK"
2025-03-14 20:30:41,486 - httpx - INFO - HTTP Request: POST https://api.telegram.org/bot8183361315:AAGkbHNKB4ZcuhGWQsp8KCSbzSw-r4rhbTc/answerCallbackQuery "HTTP/1.1 200 OK"
2025-03-14 20:30:41,649 - httpx - INFO - HTTP Request: POST https://api.telegram.org/bot8183361315:AAGkbHNKB4ZcuhGWQsp8KCSbzSw-r4rhbTc/editMessageText "HTTP/1.1 200 OK"
2025-03-14 20:30:42,061 - httpx - INFO - HTTP Request: POST https://ngw.devices.sberbank.ru:9443/api/v2/oauth "HTTP/1.1 200 OK"
2025-03-14 20:30:44,946 - httpx - INFO - HTTP Request: POST https://gigachat.devices.sberbank.ru/api/v1/chat/completions "HTTP/1.1 200 OK"
2025-03-14 20:30:45,095 - httpx - INFO - HTTP Request: POST https://api.telegram.org/bot8183361315:AAGkbHNKB4ZcuhGWQsp8KCSbzSw-r4rhbTc/sendMessage "HTTP/1.1 200 OK"
2025-03-14 20:30:51,250 - httpx - INFO - HTTP Request: POST https://api.telegram.org/bot8183361315:AAGkbHNKB4ZcuhGWQsp8KCSbzSw-r4rhbTc/getUpdates "HTTP/1.1 200 OK"
2025-03-14 20:31:01,367 - httpx - INFO - HTTP Request: POST https://api.telegram.org/bot8183361315:AAGkbHNKB4ZcuhGWQsp8KCSbzSw-r4rhbTc/getUpdates "HTTP/1.1 200 OK"
2025-03-14 20:31:11,520 - httpx - INFO - HTTP Request: POST https://api.telegram.org/bot8183361315:AAGkbHNKB4ZcuhGWQsp8KCSbzSw-r4rhbTc/getUpdates "HTTP/1.1 200 OK"
2025-03-14 20:31:21,571 - httpx - INFO - HTTP Request: POST https://api.telegram.org/bot8183361315:AAGkbHNKB4ZcuhGWQsp8KCSbzSw-r4rhbTc/getUpdates "HTTP/1.1 200 OK"
2025-03-14 20:31:31,679 - httpx - INFO - HTTP Request: POST https://api.telegram.org/bot8183361315:AAGkbHNKB4ZcuhGWQsp8KCSbzSw-r4rhbTc/getUpdates "HTTP/1.1 200 OK"
2025-03-14 20:31:41,815 - httpx - INFO - HTTP Request: POST https://api.telegram.org/bot8183361315:AAGkbHNKB4ZcuhGWQsp8KCSbzSw-r4rhbTc/getUpdates "HTTP/1.1 200 OK"
2025-03-14 20:31:52,051 - httpx - INFO - HTTP Request: POST https://api.telegram.org/bot8183361315:AAGkbHNKB4ZcuhGWQsp8KCSbzSw-r4rhbTc/getUpdates "HTTP/1.1 200 OK"
2025-03-14 20:32:02,145 - httpx - INFO - HTTP Request: POST https://api.telegram.org/bot8183361315:AAGkbHNKB4ZcuhGWQsp8KCSbzSw-r4rhbTc/getUpdates "HTTP/1.1 200 OK"
2025-03-14 20:32:12,234 - httpx - INFO - HTTP Request: POST https://api.telegram.org/bot8183361315:AAGkbHNKB4ZcuhGWQsp8KCSbzSw-r4rhbTc/getUpdates "HTTP/1.1 200 OK"
2025-03-14 20:32:22,291 - httpx - INFO - HTTP Request: POST https://api.telegram.org/bot8183361315:AAGkbHNKB4ZcuhGWQsp8KCSbzSw-r4rhbTc/getUpdates "HTTP/1.1 200 OK"
2025-03-14 20:32:32,455 - httpx - INFO - HTTP Request: POST https://api.telegram.org/bot8183361315:AAGkbHNKB4ZcuhGWQsp8KCSbzSw-r4rhbTc/getUpdates "HTTP/1.1 200 OK"
2025-03-14 20:32:42,559 - httpx - INFO - HTTP Request: POST https://api.telegram.org/bot8183361315:AAGkbHNKB4ZcuhGWQsp8KCSbzSw-r4rhbTc/getUpdates "HTTP/1.1 200 OK"
2025-03-14 20:32:52,675 - httpx - INFO - HTTP Request: POST https://api.telegram.org/bot8183361315:AAGkbHNKB4ZcuhGWQsp8KCSbzSw-r4rhbTc/getUpdates "HTTP/1.1 200 OK"
2025-03-14 20:33:02,723 - httpx - INFO - HTTP Request: POST https://api.telegram.org/bot8183361315:AAGkbHNKB4ZcuhGWQsp8KCSbzSw-r4rhbTc/getUpdates "HTTP/1.1 200 OK"
2025-03-14 20:33:12,771 - httpx - INFO - HTTP Request: POST https://api.telegram.org/bot8183361315:AAGkbHNKB4ZcuhGWQsp8KCSbzSw-r4rhbTc/getUpdates "HTTP/1.1 200 OK"
2025-03-14 20:33:22,841 - httpx - INFO - HTTP Request: POST https://api.telegram.org/bot8183361315:AAGkbHNKB4ZcuhGWQsp8KCSbzSw-r4rhbTc/getUpdates "HTTP/1.1 200 OK"
2025-03-14 20:33:32,932 - httpx - INFO - HTTP Request: POST https://api.telegram.org/bot8183361315:AAGkbHNKB4ZcuhGWQsp8KCSbzSw-r4rhbTc/getUpdates "HTTP/1.1 200 OK"
2025-03-14 20:33:43,057 - httpx - INFO - HTTP Request: POST https://api.telegram.org/bot8183361315:AAGkbHNKB4ZcuhGWQsp8KCSbzSw-r4rhbTc/getUpdates "HTTP/1.1 200 OK"
2025-03-14 20:33:53,272 - httpx - INFO - HTTP Request: POST https://api.telegram.org/bot8183361315:AAGkbHNKB4ZcuhGWQsp8KCSbzSw-r4rhbTc/getUpdates "HTTP/1.1 200 OK"
2025-03-14 20:34:03,353 - httpx - INFO - HTTP Request: POST https://api.telegram.org/bot8183361315:AAGkbHNKB4ZcuhGWQsp8KCSbzSw-r4rhbTc/getUpdates "HTTP/1.1 200 OK"
2025-03-14 20:34:13,411 - httpx - INFO - HTTP Request: POST https://api.telegram.org/bot8183361315:AAGkbHNKB4ZcuhGWQsp8KCSbzSw-r4rhbTc/getUpdates "HTTP/1.1 200 OK"
2025-03-14 20:34:23,477 - httpx - INFO - HTTP Request: POST https://api.telegram.org/bot8183361315:AAGkbHNKB4ZcuhGWQsp8KCSbzSw-r4rhbTc/getUpdates "HTTP/1.1 200 OK"
2025-03-14 20:34:33,624 - httpx - INFO - HTTP Request: POST https://api.telegram.org/bot8183361315:AAGkbHNKB4ZcuhGWQsp8KCSbzSw-r4rhbTc/getUpdates "HTTP/1.1 200 OK"
2025-03-14 20:34:43,685 - httpx - INFO - HTTP Request: POST https://api.telegram.org/bot8183361315:AAGkbHNKB4ZcuhGWQsp8KCSbzSw-r4rhbTc/getUpdates "HTTP/1.1 200 OK"
2025-03-14 20:34:53,740 - httpx - INFO - HTTP Request: POST https://api.telegram.org/bot8183361315:AAGkbHNKB4ZcuhGWQsp8KCSbzSw-r4rhbTc/getUpdates "HTTP/1.1 200 OK"
2025-03-14 20:35:03,820 - httpx - INFO - HTTP Request: POST https://api.telegram.org/bot8183361315:AAGkbHNKB4ZcuhGWQsp8KCSbzSw-r4rhbTc/getUpdates "HTTP/1.1 200 OK"
2025-03-14 20:35:13,991 - httpx - INFO - HTTP Request: POST https://api.telegram.org/bot8183361315:AAGkbHNKB4ZcuhGWQsp8KCSbzSw-r4rhbTc/getUpdates "HTTP/1.1 200 OK"
2025-03-14 20:35:24,194 - httpx - INFO - HTTP Request: POST https://api.telegram.org/bot8183361315:AAGkbHNKB4ZcuhGWQsp8KCSbzSw-r4rhbTc/getUpdates "HTTP/1.1 200 OK"
2025-03-14 20:35:34,248 - httpx - INFO - HTTP Request: POST https://api.telegram.org/bot8183361315:AAGkbHNKB4ZcuhGWQsp8KCSbzSw-r4rhbTc/getUpdates "HTTP/1.1 200 OK"
2025-03-14 20:35:44,306 - httpx - INFO - HTTP Request: POST https://api.telegram.org/bot8183361315:AAGkbHNKB4ZcuhGWQsp8KCSbzSw-r4rhbTc/getUpdates "HTTP/1.1 200 OK"
2025-03-14 20:35:54,379 - httpx - INFO - HTTP Request: POST https://api.telegram.org/bot8183361315:AAGkbHNKB4ZcuhGWQsp8KCSbzSw-r4rhbTc/getUpdates "HTTP/1.1 200 OK"
2025-03-14 20:36:04,462 - httpx - INFO - HTTP Request: POST https://api.telegram.org/bot8183361315:AAGkbHNKB4ZcuhGWQsp8KCSbzSw-r4rhbTc/getUpdates "HTTP/1.1 200 OK"
2025-03-14 20:36:14,528 - httpx - INFO - HTTP Request: POST https://api.telegram.org/bot8183361315:AAGkbHNKB4ZcuhGWQsp8KCSbzSw-r4rhbTc/getUpdates "HTTP/1.1 200 OK"
2025-03-14 20:36:24,578 - httpx - INFO - HTTP Request: POST https://api.telegram.org/bot8183361315:AAGkbHNKB4ZcuhGWQsp8KCSbzSw-r4rhbTc/getUpdates "HTTP/1.1 200 OK"
2025-03-14 20:36:34,664 - httpx - INFO - HTTP Request: POST https://api.telegram.org/bot8183361315:AAGkbHNKB4ZcuhGWQsp8KCSbzSw-r4rhbTc/getUpdates "HTTP/1.1 200 OK"
2025-03-14 20:36:44,757 - httpx - INFO - HTTP Request: POST https://api.telegram.org/bot8183361315:AAGkbHNKB4ZcuhGWQsp8KCSbzSw-r4rhbTc/getUpdates "HTTP/1.1 200 OK"
2025-03-14 20:36:54,819 - httpx - INFO - HTTP Request: POST https://api.telegram.org/bot8183361315:AAGkbHNKB4ZcuhGWQsp8KCSbzSw-r4rhbTc/getUpdates "HTTP/1.1 200 OK"
2025-03-14 20:37:04,881 - httpx - INFO - HTTP Request: POST https://api.telegram.org/bot8183361315:AAGkbHNKB4ZcuhGWQsp8KCSbzSw-r4rhbTc/getUpdates "HTTP/1.1 200 OK"
2025-03-14 20:37:14,945 - httpx - INFO - HTTP Request: POST https://api.telegram.org/bot8183361315:AAGkbHNKB4ZcuhGWQsp8KCSbzSw-r4rhbTc/getUpdates "HTTP/1.1 200 OK"
2025-03-14 20:37:25,033 - httpx - INFO - HTTP Request: POST https://api.telegram.org/bot8183361315:AAGkbHNKB4ZcuhGWQsp8KCSbzSw-r4rhbTc/getUpdates "HTTP/1.1 200 OK"
2025-03-14 20:37:35,079 - httpx - INFO - HTTP Request: POST https://api.telegram.org/bot8183361315:AAGkbHNKB4ZcuhGWQsp8KCSbzSw-r4rhbTc/getUpdates "HTTP/1.1 200 OK"
2025-03-14 20:37:45,163 - httpx - INFO - HTTP Request: POST https://api.telegram.org/bot8183361315:AAGkbHNKB4ZcuhGWQsp8KCSbzSw-r4rhbTc/getUpdates "HTTP/1.1 200 OK"
2025-03-14 20:37:55,248 - httpx - INFO - HTTP Request: POST https://api.telegram.org/bot8183361315:AAGkbHNKB4ZcuhGWQsp8KCSbzSw-r4rhbTc/getUpdates "HTTP/1.1 200 OK"
2025-03-14 20:38:05,344 - httpx - INFO - HTTP Request: POST https://api.telegram.org/bot8183361315:AAGkbHNKB4ZcuhGWQsp8KCSbzSw-r4rhbTc/getUpdates "HTTP/1.1 200 OK"
2025-03-14 20:38:15,409 - httpx - INFO - HTTP Request: POST https://api.telegram.org/bot8183361315:AAGkbHNKB4ZcuhGWQsp8KCSbzSw-r4rhbTc/getUpdates "HTTP/1.1 200 OK"
2025-03-14 20:38:25,782 - httpx - INFO - HTTP Request: POST https://api.telegram.org/bot8183361315:AAGkbHNKB4ZcuhGWQsp8KCSbzSw-r4rhbTc/getUpdates "HTTP/1.1 200 OK"
2025-03-14 20:38:35,943 - httpx - INFO - HTTP Request: POST https://api.telegram.org/bot8183361315:AAGkbHNKB4ZcuhGWQsp8KCSbzSw-r4rhbTc/getUpdates "HTTP/1.1 200 OK"
2025-03-14 20:38:46,086 - httpx - INFO - HTTP Request: POST https://api.telegram.org/bot8183361315:AAGkbHNKB4ZcuhGWQsp8KCSbzSw-r4rhbTc/getUpdates "HTTP/1.1 200 OK"
2025-03-14 20:38:56,177 - httpx - INFO - HTTP Request: POST https://api.telegram.org/bot8183361315:AAGkbHNKB4ZcuhGWQsp8KCSbzSw-r4rhbTc/getUpdates "HTTP/1.1 200 OK"
2025-03-14 20:39:06,239 - httpx - INFO - HTTP Request: POST https://api.telegram.org/bot8183361315:AAGkbHNKB4ZcuhGWQsp8KCSbzSw-r4rhbTc/getUpdates "HTTP/1.1 200 OK"
2025-03-14 20:39:16,318 - httpx - INFO - HTTP Request: POST https://api.telegram.org/bot8183361315:AAGkbHNKB4ZcuhGWQsp8KCSbzSw-r4rhbTc/getUpdates "HTTP/1.1 200 OK"
2025-03-14 20:39:26,421 - httpx - INFO - HTTP Request: POST https://api.telegram.org/bot8183361315:AAGkbHNKB4ZcuhGWQsp8KCSbzSw-r4rhbTc/getUpdates "HTTP/1.1 200 OK"
2025-03-14 20:39:36,508 - httpx - INFO - HTTP Request: POST https://api.telegram.org/bot8183361315:AAGkbHNKB4ZcuhGWQsp8KCSbzSw-r4rhbTc/getUpdates "HTTP/1.1 200 OK"
2025-03-14 20:39:46,585 - httpx - INFO - HTTP Request: POST https://api.telegram.org/bot8183361315:AAGkbHNKB4ZcuhGWQsp8KCSbzSw-r4rhbTc/getUpdates "HTTP/1.1 200 OK"
2025-03-14 20:39:56,638 - httpx - INFO - HTTP Request: POST https://api.telegram.org/bot8183361315:AAGkbHNKB4ZcuhGWQsp8KCSbzSw-r4rhbTc/getUpdates "HTTP/1.1 200 OK"
2025-03-14 20:40:06,693 - httpx - INFO - HTTP Request: POST https://api.telegram.org/bot8183361315:AAGkbHNKB4ZcuhGWQsp8KCSbzSw-r4rhbTc/getUpdates "HTTP/1.1 200 OK"
2025-03-14 20:40:16,761 - httpx - INFO - HTTP Request: POST https://api.telegram.org/bot8183361315:AAGkbHNKB4ZcuhGWQsp8KCSbzSw-r4rhbTc/getUpdates "HTTP/1.1 200 OK"
2025-03-14 20:40:27,012 - httpx - INFO - HTTP Request: POST https://api.telegram.org/bot8183361315:AAGkbHNKB4ZcuhGWQsp8KCSbzSw-r4rhbTc/getUpdates "HTTP/1.1 200 OK"
2025-03-14 20:40:37,092 - httpx - INFO - HTTP Request: POST https://api.telegram.org/bot8183361315:AAGkbHNKB4ZcuhGWQsp8KCSbzSw-r4rhbTc/getUpdates "HTTP/1.1 200 OK"
2025-03-14 20:40:47,152 - httpx - INFO - HTTP Request: POST https://api.telegram.org/bot8183361315:AAGkbHNKB4ZcuhGWQsp8KCSbzSw-r4rhbTc/getUpdates "HTTP/1.1 200 OK"
2025-03-14 20:40:57,230 - httpx - INFO - HTTP Request: POST https://api.telegram.org/bot8183361315:AAGkbHNKB4ZcuhGWQsp8KCSbzSw-r4rhbTc/getUpdates "HTTP/1.1 200 OK"
2025-03-14 20:41:07,332 - httpx - INFO - HTTP Request: POST https://api.telegram.org/bot8183361315:AAGkbHNKB4ZcuhGWQsp8KCSbzSw-r4rhbTc/getUpdates "HTTP/1.1 200 OK"
2025-03-14 20:41:17,416 - httpx - INFO - HTTP Request: POST https://api.telegram.org/bot8183361315:AAGkbHNKB4ZcuhGWQsp8KCSbzSw-r4rhbTc/getUpdates "HTTP/1.1 200 OK"
2025-03-14 20:41:27,501 - httpx - INFO - HTTP Request: POST https://api.telegram.org/bot8183361315:AAGkbHNKB4ZcuhGWQsp8KCSbzSw-r4rhbTc/getUpdates "HTTP/1.1 200 OK"
2025-03-14 20:41:37,554 - httpx - INFO - HTTP Request: POST https://api.telegram.org/bot8183361315:AAGkbHNKB4ZcuhGWQsp8KCSbzSw-r4rhbTc/getUpdates "HTTP/1.1 200 OK"
2025-03-14 20:41:47,609 - httpx - INFO - HTTP Request: POST https://api.telegram.org/bot8183361315:AAGkbHNKB4ZcuhGWQsp8KCSbzSw-r4rhbTc/getUpdates "HTTP/1.1 200 OK"
2025-03-14 20:41:57,721 - httpx - INFO - HTTP Request: POST https://api.telegram.org/bot8183361315:AAGkbHNKB4ZcuhGWQsp8KCSbzSw-r4rhbTc/getUpdates "HTTP/1.1 200 OK"
2025-03-14 20:41:57,723 - telegram.ext.Application - INFO - Application is stopping. This might take a moment.
2025-03-14 20:41:57,724 - apscheduler.scheduler - INFO - Scheduler has been shut down
2025-03-14 20:41:57,735 - telegram.ext.Application - INFO - Application.stop() complete
